  main.cpp
C:\Users\Rafi\Desktop\OpenGL-Project-Common-Room\Main Project\sphere.h(97,29): warning C4305: 'argument': truncation from 'double' to 'T'
C:\Users\Rafi\Desktop\OpenGL-Project-Common-Room\Main Project\sphere.h(97,29): warning C4305:         with
C:\Users\Rafi\Desktop\OpenGL-Project-Common-Room\Main Project\sphere.h(97,29): warning C4305:         [
C:\Users\Rafi\Desktop\OpenGL-Project-Common-Room\Main Project\sphere.h(97,29): warning C4305:             T=float
C:\Users\Rafi\Desktop\OpenGL-Project-Common-Room\Main Project\sphere.h(97,29): warning C4305:         ]
  (compiling source file 'main.cpp')
  
C:\Users\Rafi\Desktop\OpenGL-Project-Common-Room\Main Project\sphere.h(98,30): warning C4305: 'argument': truncation from 'double' to 'T'
C:\Users\Rafi\Desktop\OpenGL-Project-Common-Room\Main Project\sphere.h(98,30): warning C4305:         with
C:\Users\Rafi\Desktop\OpenGL-Project-Common-Room\Main Project\sphere.h(98,30): warning C4305:         [
C:\Users\Rafi\Desktop\OpenGL-Project-Common-Room\Main Project\sphere.h(98,30): warning C4305:             T=float
C:\Users\Rafi\Desktop\OpenGL-Project-Common-Room\Main Project\sphere.h(98,30): warning C4305:         ]
  (compiling source file 'main.cpp')
  
C:\Users\Rafi\Desktop\OpenGL-Project-Common-Room\Main Project\sphere.h(184,26): warning C4244: 'initializing': conversion from 'double' to 'float', possible loss of data
  (compiling source file 'main.cpp')
  
C:\Users\Rafi\Desktop\OpenGL-Project-Common-Room\Main Project\sphere.h(185,25): warning C4244: 'initializing': conversion from 'double' to 'float', possible loss of data
  (compiling source file 'main.cpp')
  
C:\Users\Rafi\Desktop\OpenGL-Project-Common-Room\Main Project\sphere.h(187,26): warning C4244: 'initializing': conversion from 'double' to 'float', possible loss of data
  (compiling source file 'main.cpp')
  
glfw3.lib(input.obj) : warning LNK4099: PDB '' was not found with 'glfw3.lib(input.obj)' or at ''; linking object as if no debug info
  Lab9_Lighting.vcxproj -> C:\Users\Rafi\Desktop\OpenGL-Project-Common-Room\Main Project\x64\Debug\Lab9_Lighting.exe
